make --dry-run --keep-going --print-directory
make: Entering directory '/mnt/nfs/homes/nfauconn/minish_9_7'
 
make -C ./libft
 
mkdir -p objs/exec/
 
echo create: objs/exec/launch_pipeline.o
clang -Wall -Wextra -Werror -g3 -fsanitize=address -MMD -I ./includes -I ./libft/includes -c ./srcs/exec/launch_pipeline.c -o objs/exec/launch_pipeline.o
mkdir -p objs/exec/
echo create: objs/exec/launch_single.o
clang -Wall -Wextra -Werror -g3 -fsanitize=address -MMD -I ./includes -I ./libft/includes -c ./srcs/exec/launch_single.c -o objs/exec/launch_single.o
 
mkdir -p objs/exec/
echo create: objs/exec/redir_apply.o
clang -Wall -Wextra -Werror -g3 -fsanitize=address -MMD -I ./includes -I ./libft/includes -c ./srcs/exec/redir_apply.c -o objs/exec/redir_apply.o
mkdir -p objs/exec/
echo create: objs/exec/redir_heredoc.o
clang -Wall -Wextra -Werror -g3 -fsanitize=address -MMD -I ./includes -I ./libft/includes -c ./srcs/exec/redir_heredoc.c -o objs/exec/redir_heredoc.o
 
mkdir -p objs/exec/
echo create: objs/exec/redir_utils.o
clang -Wall -Wextra -Werror -g3 -fsanitize=address -MMD -I ./includes -I ./libft/includes -c ./srcs/exec/redir_utils.c -o objs/exec/redir_utils.o
mkdir -p objs/exec/
echo create: objs/exec/wait.o
clang -Wall -Wextra -Werror -g3 -fsanitize=address -MMD -I ./includes -I ./libft/includes -c ./srcs/exec/wait.c -o objs/exec/wait.o
 
mkdir -p objs/exec/builtins/
echo create: objs/exec/builtins/cd.o
clang -Wall -Wextra -Werror -g3 -fsanitize=address -MMD -I ./includes -I ./libft/includes -c ./srcs/exec/builtins/cd.c -o objs/exec/builtins/cd.o
mkdir -p objs/exec/builtins/
echo create: objs/exec/builtins/echo.o
clang -Wall -Wextra -Werror -g3 -fsanitize=address -MMD -I ./includes -I ./libft/includes -c ./srcs/exec/builtins/echo.c -o objs/exec/builtins/echo.o
mkdir -p objs/exec/builtins/
echo create: objs/exec/builtins/env.o
clang -Wall -Wextra -Werror -g3 -fsanitize=address -MMD -I ./includes -I ./libft/includes -c ./srcs/exec/builtins/env.c -o objs/exec/builtins/env.o
 
mkdir -p objs/exec/builtins/
echo create: objs/exec/builtins/exit.o
clang -Wall -Wextra -Werror -g3 -fsanitize=address -MMD -I ./includes -I ./libft/includes -c ./srcs/exec/builtins/exit.c -o objs/exec/builtins/exit.o
 
mkdir -p objs/exec/builtins/
echo create: objs/exec/builtins/export.o
clang -Wall -Wextra -Werror -g3 -fsanitize=address -MMD -I ./includes -I ./libft/includes -c ./srcs/exec/builtins/export.c -o objs/exec/builtins/export.o
 
mkdir -p objs/exec/builtins/
echo create: objs/exec/builtins/pwd.o
clang -Wall -Wextra -Werror -g3 -fsanitize=address -MMD -I ./includes -I ./libft/includes -c ./srcs/exec/builtins/pwd.c -o objs/exec/builtins/pwd.o
 
mkdir -p objs/exec/builtins/
echo create: objs/exec/builtins/unset.o
clang -Wall -Wextra -Werror -g3 -fsanitize=address -MMD -I ./includes -I ./libft/includes -c ./srcs/exec/builtins/unset.c -o objs/exec/builtins/unset.o
 
clang -Wall -Wextra -Werror -g3 -fsanitize=address -L ./libft -ltinfo -lreadline   ./objs/main.o  ./objs/init.o  ./objs/input.o  ./objs/clear.o  ./objs/error.o  ./objs/signals.o  ./objs/parsing/tokenizer.o  ./objs/parsing/token_utils.o  ./objs/parsing/types.o  ./objs/parsing/lexer.o  ./objs/parsing/expand.o  ./objs/parsing/expand_utils.o  ./objs/parsing/conv_to_cmd.o  ./objs/parsing/conv_utils_creat.o  ./objs/parsing/conv_utils_redir.o  ./objs/parsing/parser.o  ./objs/parsing/utils_comparison.o  ./objs/parsing/utils_comparison2.o  ./objs/exec/cmd_execve.o  ./objs/exec/cmd_path.o  ./objs/exec/launch.o  ./objs/exec/launch_pipeline.o  ./objs/exec/launch_single.o  ./objs/exec/redir_apply.o  ./objs/exec/redir_heredoc.o  ./objs/exec/redir_utils.o  ./objs/exec/wait.o  ./objs/exec/builtins/cd.o  ./objs/exec/builtins/echo.o  ./objs/exec/builtins/env.o  ./objs/exec/builtins/exit.o  ./objs/exec/builtins/export.o  ./objs/exec/builtins/pwd.o  ./objs/exec/builtins/unset.o -o minishell -lft
echo "minishell created"
make: Leaving directory '/mnt/nfs/homes/nfauconn/minish_9_7'
 
