make all --print-data-base --no-builtin-variables --no-builtin-rules --question
# GNU Make 4.2.1
# Built for x86_64-pc-linux-gnu
# Copyright (C) 1988-2016 Free Software Foundation, Inc.
# License GPLv3+: GNU GPL version 3 or later <http://gnu.org/licenses/gpl.html>
# This is free software: you are free to change and redistribute it.
# There is NO WARRANTY, to the extent permitted by law.

# Make data base, printed on Fri Jul 29 04:50:32 2022

# Variables

# automatic
<D = $(patsubst %/,%,$(dir $<))
# automatic
?F = $(notdir $?)
# environment
DESKTOP_SESSION = ubuntu
# default
.SHELLFLAGS := -c
# environment
 
XDG_SESSION_CLASS = user
# makefile (from 'Makefile', line 76)
LD_FLAGS = -L ${LIBFT_DIR} -ltinfo -lreadline
# environment
XDG_SESSION_TYPE = x11
# environment
VSCODE_LOG_NATIVE = false
# makefile (from 'Makefile', line 1)
TARGET = minishell
# automatic
?D = $(patsubst %/,%,$(dir $?))
# makefile (from 'Makefile', line 75)
INCLUDES = -I ${INC_DIR} -I ${LIBFT_INC_DIR}
# automatic
@D = $(patsubst %/,%,$(dir $@))
# environment
XAUTHORITY = /mnt/nfs/homes/nfauconn/.Xauthority
# environment
GDMSESSION = ubuntu
# environment
XMODIFIERS = @im=ibus
# makefile
CURDIR := /mnt/nfs/homes/nfauconn/minishGithub
# makefile
SHELL = /bin/sh
# makefile (from 'Makefile', line 78)
RM = rm -rf
# environment
VSCODE_NLS_CONFIG = {"locale":"en-us","availableLanguages":{},"_languagePackSupport":true}
# environment
_ = /usr/share/code/code
# makefile (from 'Makefile', line 74)
CFLAGS = -Wall -Wextra -Werror -g3 -fsanitize=address
# environment
JOURNAL_STREAM = 9:158775
# environment
XDG_CONFIG_DIRS = /etc/xdg/xdg-ubuntu:/etc/xdg
# makefile (from 'objs/exec/builtins/unset.d', line 1)
MAKEFILE_LIST :=  Makefile objs/main.d objs/clear.d objs/error.d objs/exitclear.d objs/init.d objs/input.d objs/prompt.d objs/signals.d objs/parsing/tokenizer.d objs/parsing/token_utils.d objs/parsing/types.d objs/parsing/lexer.d objs/parsing/expand.d objs/parsing/expand_utils.d objs/parsing/conv_to_cmd.d objs/parsing/cmd_creat.d objs/parsing/parser.d objs/parsing/utils_comparison.d objs/parsing/utils_comparison2.d objs/redirections/check_access.d objs/redirections/heredoc_run.d objs/redirections/heredoc_set.d objs/redirections/open.d objs/redirections/set_redir.d objs/redirections/pipeline_red.d objs/redirections/single_red.d objs/redirections/utils.d objs/exec/cmd_execve.d objs/exec/cmd_path.d objs/exec/launch.d objs/exec/launch_builtin.d objs/exec/launch_pipeline.d objs/exec/launch_single.d objs/exec/wait.d objs/exec/builtins/cd.d objs/exec/builtins/echo.d objs/exec/builtins/env.d objs/exec/builtins/exit.d objs/exec/builtins/export.d objs/exec/builtins/pwd.d objs/exec/builtins/unset.d
# automatic
@F = $(notdir $@)
# environment
GIO_LAUNCHED_DESKTOP_FILE = /usr/share/applications/code.desktop
# makefile (from 'Makefile', line 7)
REDIR = redirections/
# makefile (from 'Makefile', line 77)
COMP = ${CC} ${CFLAGS}
# 'override' directive
GNUMAKEFLAGS := 
# environment
MANDATORY_PATH = /usr/share/gconf/ubuntu.mandatory.path
# environment
XDG_DATA_DIRS = /usr/share/gnome:/usr/share/ubuntu:/mnt/nfs/homes/nfauconn/.local/share/flatpak/exports/share:/var/lib/flatpak/exports/share:/usr/local/share:/usr/share:/var/lib/snapd/desktop
# makefile (from 'Makefile', line 16)
H_EXT = .h
# environment
DBUS_SESSION_BUS_ADDRESS = unix:path=/run/user/37478/bus
# environment
VSCODE_VERBOSE_LOGGING = true
# makefile (from 'Makefile', line 70)
OBJS :=   ./objs/main.o  ./objs/clear.o  ./objs/error.o  ./objs/exitclear.o  ./objs/init.o  ./objs/input.o  ./objs/prompt.o  ./objs/signals.o  ./objs/parsing/tokenizer.o  ./objs/parsing/token_utils.o  ./objs/parsing/types.o  ./objs/parsing/lexer.o  ./objs/parsing/expand.o  ./objs/parsing/expand_utils.o  ./objs/parsing/conv_to_cmd.o  ./objs/parsing/cmd_creat.o  ./objs/parsing/parser.o  ./objs/parsing/utils_comparison.o  ./objs/parsing/utils_comparison2.o  ./objs/redirections/check_access.o  ./objs/redirections/heredoc_run.o  ./objs/redirections/heredoc_set.o  ./objs/redirections/open.o  ./objs/redirections/set_redir.o  ./objs/redirections/pipeline_red.o  ./objs/redirections/single_red.o  ./objs/redirections/utils.o  ./objs/exec/cmd_execve.o  ./objs/exec/cmd_path.o  ./objs/exec/launch.o  ./objs/exec/launch_builtin.o  ./objs/exec/launch_pipeline.o  ./objs/exec/launch_single.o  ./objs/exec/wait.o  ./objs/exec/builtins/cd.o  ./objs/exec/builtins/echo.o  ./objs/exec/builtins/env.o  ./objs/exec/builtins/exit.o  ./objs/exec/builtins/export.o  ./objs/exec/builtins/pwd.o  ./objs/exec/builtins/unset.o
# environment
MANAGERPID = 27735
# environment
VSCODE_IPC_HOOK_EXTHOST = /run/user/37478/vscode-ipc-288a29a5-4328-4ee3-a561-efa461ed4483.sock
# environment
VSCODE_CWD = /mnt/nfs/homes/nfauconn
# environment
XDG_SESSION_PATH = /org/freedesktop/DisplayManager/Session2
# environment
KRB5CCNAME = FILE:/tmp/krb5cc_37478_z4yffa
# default
MAKE_HOST := x86_64-pc-linux-gnu
# environment
PATH = /mnt/nfs/homes/nfauconn/bin:/usr/local/sbin:/usr/local/bin:/usr/sbin:/usr/bin:/sbin:/bin:/usr/games:/usr/local/games:/snap/bin
# environment
GPG_AGENT_INFO = /run/user/37478/gnupg/S.gpg-agent:0:1
# environment
LSCOLORS = Gxfxcxdxbxegedabagacad
# environment
SESSION_MANAGER = local/e1r5p10.clusters.42paris.fr:@/tmp/.ICE-unix/28252,unix/e1r5p10.clusters.42paris.fr:/tmp/.ICE-unix/28252
# environment
XDG_RUNTIME_DIR = /run/user/37478
# makefile (from 'Makefile', line 71)
VPATH = ${SRC_DIR}:${INC_DIR}:${BUILD_DIR}
# environment
XDG_MENU_PREFIX = gnome-
# environment
VSCODE_LOG_STACK = false
# environment
ELECTRON_RUN_AS_NODE = 1
# environment
INVOCATION_ID = 2fabd551cc7d4c96988e0b60d935c13e
# default
.FEATURES := target-specific order-only second-expansion else-if shortest-stem undefine oneshell archives jobserver output-sync check-symlink load
# makefile (from 'Makefile', line 11)
LIBFT_DIR = ./libft
# environment
XDG_GREETER_DATA_DIR = /var/lib/lightdm-data/nfauconn
# environment
LS_COLORS = 
# makefile (from 'Makefile', line 8)
PARSING = parsing/
# environment
XDG_SESSION_DESKTOP = ubuntu
# environment
SSH_AUTH_SOCK = /run/user/37478/keyring/ssh
# environment
GIO_LAUNCHED_DESKTOP_FILE_PID = 71399
# automatic
%F = $(notdir $%)
# environment
DISPLAY = :0
# environment
VSCODE_PIPE_LOGGING = true
# environment
PWD = /mnt/nfs/homes/nfauconn/minishGithub
# default
.LOADED := 
# makefile (from 'Makefile', line 5)
BUILTINS = builtins/
# environment
SSH_AGENT_PID = 28216
# environment
ORIGINAL_XDG_CURRENT_DESKTOP = ubuntu:GNOME
# makefile (from 'Makefile', line 3)
INC_DIR = ./includes
# makefile (from 'Makefile', line 12)
LIBFT_INC_DIR = ./libft/includes
# environment
GTK_MODULES = gail:atk-bridge
# environment
VSCODE_AMD_ENTRYPOINT = vs/workbench/api/node/extensionHostProcess
# environment
HOME = /mnt/nfs/homes/nfauconn
# environment
VSCODE_CODE_CACHE_PATH = /mnt/nfs/homes/nfauconn/.config/Code/CachedData/30d9c6cd9483b2cc586687151bcbcd635f373630
# environment
LOGNAME = nfauconn
# environment
APPLICATION_INSIGHTS_NO_DIAGNOSTIC_CHANNEL = 1
# environment
ZSH = /mnt/nfs/homes/nfauconn/.oh-my-zsh
# environment
VSCODE_HANDLES_UNCAUGHT_ERRORS = true
# environment
 
GNOME_DESKTOP_SESSION_ID = this-is-deprecated
# automatic
^D = $(patsubst %/,%,$(dir $^))
# makefile (from 'Makefile', line 17)
S_EXT = .c
# environment
MAKELEVEL := 0
# default
MAKE = $(MAKE_COMMAND)
# default
MAKECMDGOALS := all
# environment
QT_IM_MODULE = ibus
# makefile (from 'Makefile', line 22)
SRCS := ./srcs/main.c ./srcs/clear.c ./srcs/error.c ./srcs/exitclear.c ./srcs/init.c ./srcs/input.c ./srcs/prompt.c ./srcs/signals.c ./srcs/parsing/tokenizer.c ./srcs/parsing/token_utils.c ./srcs/parsing/types.c ./srcs/parsing/lexer.c ./srcs/parsing/expand.c ./srcs/parsing/expand_utils.c ./srcs/parsing/conv_to_cmd.c ./srcs/parsing/cmd_creat.c ./srcs/parsing/parser.c ./srcs/parsing/utils_comparison.c ./srcs/parsing/utils_comparison2.c ./srcs/redirections/check_access.c ./srcs/redirections/heredoc_run.c ./srcs/redirections/heredoc_set.c ./srcs/redirections/open.c ./srcs/redirections/set_redir.c ./srcs/redirections/pipeline_red.c ./srcs/redirections/single_red.c ./srcs/redirections/utils.c ./srcs/exec/cmd_execve.c ./srcs/exec/cmd_path.c ./srcs/exec/launch.c ./srcs/exec/launch_builtin.c ./srcs/exec/launch_pipeline.c ./srcs/exec/launch_single.c ./srcs/exec/wait.c ./srcs/exec/builtins/cd.c ./srcs/exec/builtins/echo.c ./srcs/exec/builtins/env.c ./srcs/exec/builtins/exit.c ./srcs/exec/builtins/export.c ./srcs/exec/builtins/pwd.c ./srcs/exec/builtins/unset.c
# environment
SHLVL = 1
# makefile (from 'Makefile', line 13)
LIBFT = ./libft/libft.a
# makefile (from 'Makefile', line 73)
CC = clang
# environment
IM_CONFIG_PHASE = 1
# makefile (from 'Makefile', line 9)
BUILD_DIR = ./objs
# makefile (from 'Makefile', line 6)
EXEC = exec/
# default
MAKE_VERSION := 4.2.1
# environment
USER = nfauconn
# makefile
.DEFAULT_GOAL := all
# environment
XDG_CURRENT_DESKTOP = Unity
# environment
LIBVIRT_DEFAULT_URI = qemu:///system
# environment
LESS = -R
# automatic
%D = $(patsubst %/,%,$(dir $%))
# default
MAKE_COMMAND := make
# makefile (from 'Makefile', line 15)
L_EXT = .a
# environment
OLDPWD = /mnt/nfs/homes/nfauconn
# default
.VARIABLES := 
# automatic
*F = $(notdir $*)
# environment
XDG_SEAT_PATH = /org/freedesktop/DisplayManager/Seat0
# environment
VSCODE_IPC_HOOK = /run/user/37478/vscode-9becb554-1.68.1-main.sock
# makefile
MAKEFLAGS = pqrR
# environment
MFLAGS = -pqrR
# automatic
*D = $(patsubst %/,%,$(dir $*))
# automatic
+D = $(patsubst %/,%,$(dir $+))
# environment
GDK_BACKEND = x11
# automatic
+F = $(notdir $+)
# environment
QT_ACCESSIBILITY = 1
# environment
DEFAULTS_PATH = /usr/share/gconf/ubuntu.default.path
# default
MAKEFILES := 
# makefile (from 'Makefile', line 4)
SRC_DIR = ./srcs
# automatic
<F = $(notdir $<)
# environment
PAGER = less
# environment
LC_ALL = C
# environment
GJS_DEBUG_TOPICS = JS ERROR;JS LOG
# makefile (from 'Makefile', line 19)
LIBS := ./libftlibft.a
# automatic
^F = $(notdir $^)
# makefile (from 'Makefile', line 69)
DEPS :=   ./objs/main.d  ./objs/clear.d  ./objs/error.d  ./objs/exitclear.d  ./objs/init.d  ./objs/input.d  ./objs/prompt.d  ./objs/signals.d  ./objs/parsing/tokenizer.d  ./objs/parsing/token_utils.d  ./objs/parsing/types.d  ./objs/parsing/lexer.d  ./objs/parsing/expand.d  ./objs/parsing/expand_utils.d  ./objs/parsing/conv_to_cmd.d  ./objs/parsing/cmd_creat.d  ./objs/parsing/parser.d  ./objs/parsing/utils_comparison.d  ./objs/parsing/utils_comparison2.d  ./objs/redirections/check_access.d  ./objs/redirections/heredoc_run.d  ./objs/redirections/heredoc_set.d  ./objs/redirections/open.d  ./objs/redirections/set_redir.d  ./objs/redirections/pipeline_red.d  ./objs/redirections/single_red.d  ./objs/redirections/utils.d  ./objs/exec/cmd_execve.d  ./objs/exec/cmd_path.d  ./objs/exec/launch.d  ./objs/exec/launch_builtin.d  ./objs/exec/launch_pipeline.d  ./objs/exec/launch_single.d  ./objs/exec/wait.d  ./objs/exec/builtins/cd.d  ./objs/exec/builtins/echo.d  ./objs/exec/builtins/env.d  ./objs/exec/builtins/exit.d  ./objs/exec/builtins/export.d  ./objs/exec/builtins/pwd.d  ./objs/exec/builtins/unset.d
# default
SUFFIXES := 
# environment
CHROME_DESKTOP = code-url-handler.desktop
# default
.INCLUDE_DIRS = /usr/include /usr/local/include /usr/include
# environment
GJS_DEBUG_OUTPUT = stderr
# default
.RECIPEPREFIX := 
# environment
LANG = C
# environment
DOCKER_HOST = unix:///run/user/37478/docker.sock
# environment
VSCODE_PID = 71399
# variable set hash-table stats:
# Load=130/1024=13%, Rehash=0, Collisions=17/273=6%

# Pattern-specific Variable Values

# No pattern-specific variable values.

# Directories

# . (device 55, inode 274369258): 26 files, no impossibilities.
# ./includes (device 55, inode 274383328): No files, no impossibilities so far.
# ./srcs (device 55, inode 274383360): No files, no impossibilities so far.
# ./objs (device 55, inode 320342466): No files, no impossibilities so far.
# exec: could not be stat'd.
# redirections: could not be stat'd.
# exec/builtins: could not be stat'd.
# parsing: could not be stat'd.

# 26 files, no impossibilities in 8 directories.

# Implicit Rules

objs/%.o: %.c
#  recipe to execute (from 'Makefile', line 92):
	@mkdir -p ${dir $@}
	@echo create: ${@:%=%}
	@${COMP} -MMD ${INCLUDES} -c $< -o $@

# 1 implicit rules, 0 (0.0%) terminal.

# Files

objs/redirections/utils.o: ./srcs/redirections/utils.c srcs/redirections/utils.c includes/redir.h includes/extern_libs.h libft/includes/libft.h libft/includes/ft_printf.h includes/structs.h includes/error.h includes/minishell.h includes/parsing.h includes/builtins.h includes/exec.h includes/clearexit.h includes/signals.h
#  Implicit rule search has been done.
#  Implicit/static pattern stem: 'redirections/utils'
#  Last modified 2022-07-29 03:25:06.77850126
#  File has been updated.
#  Successfully updated.
#  recipe to execute (from 'Makefile', line 92):
	@mkdir -p ${dir $@}
	@echo create: ${@:%=%}
	@${COMP} -MMD ${INCLUDES} -c $< -o $@

# Not a target:
objs/parsing/types.d:
#  Implicit rule search has been done.
#  Last modified 2022-07-29 03:25:05.325505875
#  File has been updated.
#  Successfully updated.

# Not a target:
./srcs/parsing/tokenizer.c:
#  Implicit rule search has been done.
#  Last modified 2022-07-28 21:12:19.970386767
#  File has been updated.
#  Successfully updated.

# Not a target:
objs/input.d:
#  Implicit rule search has been done.
#  Last modified 2022-07-29 04:22:40.375735125
#  File has been updated.
#  Successfully updated.

# Not a target:
srcs/exec/builtins/pwd.c:
#  Implicit rule search has been done.
#  Last modified 2022-07-28 21:12:19.956386809
#  File has been updated.
#  Successfully updated.

# Not a target:
./srcs/redirections/pipeline_red.c:
#  Implicit rule search has been done.
#  Last modified 2022-07-28 21:12:19.999386679
#  File has been updated.
#  Successfully updated.

# Not a target:
objs/redirections/set_redir.d:
#  Implicit rule search has been done.
#  Last modified 2022-07-29 03:25:06.502502136
#  File has been updated.
#  Successfully updated.

# Not a target:
objs/parsing/conv_to_cmd.d:
#  Implicit rule search has been done.
#  Last modified 2022-07-29 03:25:05.680504747
#  File has been updated.
#  Successfully updated.

# Not a target:
objs/redirections/open.d:
#  Implicit rule search has been done.
#  Last modified 2022-07-29 03:25:06.404502448
#  File has been updated.
#  Successfully updated.

# Not a target:
objs/exec/cmd_execve.d:
#  Implicit rule search has been done.
#  Last modified 2022-07-29 04:16:16.208936609
#  File has been updated.
#  Successfully updated.

# Not a target:
srcs/exec/launch_single.c:
#  Implicit rule search has been done.
#  Last modified 2022-07-29 00:16:19.690029851
#  File has been updated.
#  Successfully updated.

# Not a target:
srcs/parsing/token_utils.c:
#  Implicit rule search has been done.
#  Last modified 2022-07-28 21:12:19.985386721
#  File has been updated.
#  Successfully updated.

# Not a target:
objs/redirections/single_red.d:
#  Implicit rule search has been done.
#  Last modified 2022-07-29 03:25:06.687501549
#  File has been updated.
#  Successfully updated.

# Not a target:
srcs/exec/wait.c:
#  Implicit rule search has been done.
#  Last modified 2022-07-29 00:53:31.972267026
#  File has been updated.
#  Successfully updated.

# Not a target:
./srcs/init.c:
#  Implicit rule search has been done.
#  Last modified 2022-07-29 02:45:29.026875032
#  File has been updated.
#  Successfully updated.

objs/main.o: ./srcs/main.c srcs/main.c includes/minishell.h includes/extern_libs.h libft/includes/libft.h libft/includes/ft_printf.h includes/structs.h includes/parsing.h includes/builtins.h includes/error.h includes/redir.h includes/exec.h includes/clearexit.h includes/signals.h
#  Implicit rule search has been done.
#  Implicit/static pattern stem: 'main'
#  Last modified 2022-07-29 03:25:04.484508546
#  File has been updated.
#  Successfully updated.
#  recipe to execute (from 'Makefile', line 92):
	@mkdir -p ${dir $@}
	@echo create: ${@:%=%}
	@${COMP} -MMD ${INCLUDES} -c $< -o $@

# Not a target:
./srcs/exec/cmd_path.c:
#  Implicit rule search has been done.
#  Last modified 2022-07-29 03:25:31.649422263
#  File has been updated.
#  Successfully updated.

objs/exec/launch_builtin.o: ./srcs/exec/launch_builtin.c srcs/exec/launch_builtin.c includes/exec.h includes/extern_libs.h libft/includes/libft.h libft/includes/ft_printf.h includes/structs.h includes/builtins.h includes/error.h includes/minishell.h includes/parsing.h includes/redir.h includes/signals.h includes/clearexit.h
#  Implicit rule search has been done.
#  Implicit/static pattern stem: 'exec/launch_builtin'
#  Last modified 2022-07-29 03:25:39.306397942
#  File has been updated.
#  Successfully updated.
#  recipe to execute (from 'Makefile', line 92):
	@mkdir -p ${dir $@}
	@echo create: ${@:%=%}
 
	@${COMP} -MMD ${INCLUDES} -c $< -o $@

all: libft/libft.a minishell
#  Phony target (prerequisite of .PHONY).
#  Command line target.
#  Implicit rule search has not been done.
#  File does not exist.
#  File has been updated.
#  Needs to be updated (-q is set).
# variable set hash-table stats:
# Load=0/32=0%, Rehash=0, Collisions=0/11=0%

objs/error.o: ./srcs/error.c srcs/error.c includes/minishell.h includes/extern_libs.h libft/includes/libft.h libft/includes/ft_printf.h includes/structs.h includes/parsing.h includes/builtins.h includes/error.h includes/redir.h includes/exec.h includes/clearexit.h includes/signals.h
#  Implicit rule search has been done.
#  Implicit/static pattern stem: 'error'
#  Last modified 2022-07-29 03:25:04.662507981
#  File has been updated.
#  Successfully updated.
#  recipe to execute (from 'Makefile', line 92):
	@mkdir -p ${dir $@}
	@echo create: ${@:%=%}
	@${COMP} -MMD ${INCLUDES} -c $< -o $@

# Not a target:
./srcs/redirections/open.c:
#  Implicit rule search has been done.
#  Last modified 2022-07-29 01:31:54.223300949
#  File has been updated.
#  Successfully updated.

# Not a target:
srcs/parsing/lexer.c:
#  Implicit rule search has been done.
#  Last modified 2022-07-28 21:12:19.983386727
#  File has been updated.
#  Successfully updated.

# Not a target:
includes/structs.h:
#  Implicit rule search has been done.
#  Last modified 2022-07-28 21:12:18.961389826
#  File has been updated.
#  Successfully updated.

# Not a target:
srcs/parsing/expand.c:
#  Implicit rule search has been done.
#  Last modified 2022-07-28 21:12:19.963386788
#  File has been updated.
#  Successfully updated.

# Not a target:
srcs/exec/builtins/echo.c:
#  Implicit rule search has been done.
#  Last modified 2022-07-28 21:12:19.943386848
#  File has been updated.
#  Successfully updated.

# Not a target:
objs/signals.d:
#  Implicit rule search has been done.
#  Last modified 2022-07-29 03:25:05.051506745
#  File has been updated.
#  Successfully updated.

.PHONY: all clean fclean re
#  Implicit rule search has not been done.
#  Modification time never checked.
#  File has not been updated.

# Not a target:
./srcs/parsing/expand_utils.c:
#  Implicit rule search has been done.
#  Last modified 2022-07-29 02:45:38.34584648
#  File has been updated.
#  Successfully updated.

# Not a target:
objs/parsing/tokenizer.d:
#  Implicit rule search has been done.
#  Last modified 2022-07-29 03:25:05.141506459
#  File has been updated.
#  Successfully updated.

# Not a target:
includes/signals.h:
#  Implicit rule search has been done.
#  Last modified 2022-07-28 21:12:18.958389835
#  File has been updated.
#  Successfully updated.

# Not a target:
./srcs/exec/builtins/echo.c:
#  Implicit rule search has been done.
#  Last modified 2022-07-28 21:12:19.943386848
#  File has been updated.
#  Successfully updated.

objs/exec/builtins/exit.o: ./srcs/exec/builtins/exit.c srcs/exec/builtins/exit.c includes/exec.h includes/extern_libs.h libft/includes/libft.h libft/includes/ft_printf.h includes/structs.h includes/builtins.h includes/error.h includes/minishell.h includes/parsing.h includes/redir.h includes/signals.h includes/clearexit.h
#  Implicit rule search has been done.
#  Implicit/static pattern stem: 'exec/builtins/exit'
#  Last modified 2022-07-29 03:25:39.997395747
#  File has been updated.
#  Successfully updated.
#  recipe to execute (from 'Makefile', line 92):
	@mkdir -p ${dir $@}
	@echo create: ${@:%=%}
	@${COMP} -MMD ${INCLUDES} -c $< -o $@

# Not a target:
objs/redirections/pipeline_red.d:
#  Implicit rule search has been done.
#  Last modified 2022-07-29 03:25:06.593501848
#  File has been updated.
#  Successfully updated.

# Not a target:
srcs/exec/builtins/export.c:
#  Implicit rule search has been done.
#  Last modified 2022-07-28 21:12:19.950386827
#  File has been updated.
#  Successfully updated.

# Not a target:
./srcs/exec/wait.c:
#  Implicit rule search has been done.
#  Last modified 2022-07-29 00:53:31.972267026
#  File has been updated.
#  Successfully updated.

objs/redirections/heredoc_set.o: ./srcs/redirections/heredoc_set.c srcs/redirections/heredoc_set.c includes/redir.h includes/extern_libs.h libft/includes/libft.h libft/includes/ft_printf.h includes/structs.h includes/error.h includes/minishell.h includes/parsing.h includes/builtins.h includes/exec.h includes/clearexit.h includes/signals.h
#  Implicit rule search has been done.
#  Implicit/static pattern stem: 'redirections/heredoc_set'
#  Last modified 2022-07-29 03:25:06.31250274
#  File has been updated.
#  Successfully updated.
#  recipe to execute (from 'Makefile', line 92):
	@mkdir -p ${dir $@}
	@echo create: ${@:%=%}
	@${COMP} -MMD ${INCLUDES} -c $< -o $@

# Not a target:
objs/exec/launch.d:
#  Implicit rule search has been done.
#  Last modified 2022-07-29 03:25:39.211398244
#  File has been updated.
#  Successfully updated.

# Not a target:
srcs/parsing/utils_comparison2.c:
#  Implicit rule search has been done.
#  Last modified 2022-07-28 21:12:19.975386751
#  File has been updated.
#  Successfully updated.

# Not a target:
./srcs/parsing/cmd_creat.c:
#  Implicit rule search has been done.
#  Last modified 2022-07-28 21:12:19.978386742
#  File has been updated.
#  Successfully updated.

objs/redirections/heredoc_run.o: ./srcs/redirections/heredoc_run.c srcs/redirections/heredoc_run.c includes/redir.h includes/extern_libs.h libft/includes/libft.h libft/includes/ft_printf.h includes/structs.h includes/error.h includes/minishell.h includes/parsing.h includes/builtins.h includes/exec.h includes/clearexit.h includes/signals.h
#  Implicit rule search has been done.
#  Implicit/static pattern stem: 'redirections/heredoc_run'
#  Last modified 2022-07-29 03:25:06.220503032
#  File has been updated.
#  Successfully updated.
#  recipe to execute (from 'Makefile', line 92):
	@mkdir -p ${dir $@}
	@echo create: ${@:%=%}
	@${COMP} -MMD ${INCLUDES} -c $< -o $@

# Not a target:
srcs/redirections/utils.c:
#  Implicit rule search has been done.
#  Last modified 2022-07-28 21:12:20.01538663
#  File has been updated.
#  Successfully updated.

# Not a target:
objs/init.d:
#  Implicit rule search has been done.
#  Last modified 2022-07-29 03:25:04.753507692
#  File has been updated.
#  Successfully updated.

# Not a target:
./srcs/exitclear.c:
#  Implicit rule search has been done.
#  Last modified 2022-07-28 21:12:19.917386927
#  File has been updated.
#  Successfully updated.

# Not a target:
objs/redirections/check_access.d:
#  Implicit rule search has been done.
#  Last modified 2022-07-29 03:25:06.126503331
#  File has been updated.
#  Successfully updated.

# Not a target:
objs/exec/cmd_path.d:
#  Implicit rule search has been done.
#  Last modified 2022-07-29 03:25:39.089398631
#  File has been updated.
#  Successfully updated.

# Not a target:
libft/includes/ft_printf.h:
#  Implicit rule search has been done.
#  Last modified 2022-07-28 21:12:19.415388449
#  File has been updated.
#  Successfully updated.

# Not a target:
./srcs/parsing/parser.c:
#  Implicit rule search has been done.
#  Last modified 2022-07-28 21:47:29.485005292
#  File has been updated.
#  Successfully updated.

git:
#  Implicit rule search has not been done.
#  Modification time never checked.
#  File has not been updated.
#  recipe to execute (from 'Makefile', line 110):
	@git add .
	@echo "enter the truc after commit -m:"; read tmp; git commit -m "$${tmp}"
	@git push
	@echo pushed hihi

# Not a target:
./srcs/clear.c:
#  Implicit rule search has been done.
#  Last modified 2022-07-28 21:14:38.494966751
#  File has been updated.
#  Successfully updated.

# Not a target:
.SUFFIXES:
#  Implicit rule search has not been done.
#  Modification time never checked.
#  File has not been updated.

objs/exec/builtins/env.o: ./srcs/exec/builtins/env.c srcs/exec/builtins/env.c includes/exec.h includes/extern_libs.h libft/includes/libft.h libft/includes/ft_printf.h includes/structs.h includes/builtins.h includes/error.h includes/minishell.h includes/parsing.h includes/redir.h includes/signals.h includes/clearexit.h
#  Implicit rule search has been done.
#  Implicit/static pattern stem: 'exec/builtins/env'
#  Last modified 2022-07-29 03:25:39.902396049
#  File has been updated.
#  Successfully updated.
#  recipe to execute (from 'Makefile', line 92):
	@mkdir -p ${dir $@}
	@echo create: ${@:%=%}
	@${COMP} -MMD ${INCLUDES} -c $< -o $@

# Not a target:
objs/parsing/utils_comparison.d:
#  Implicit rule search has been done.
#  Last modified 2022-07-29 03:25:05.95050389
#  File has been updated.
#  Successfully updated.

# Not a target:
objs/parsing/expand_utils.d:
#  Implicit rule search has been done.
#  Last modified 2022-07-29 03:25:05.590505033
#  File has been updated.
#  Successfully updated.

# Not a target:
Makefile:
#  Implicit rule search has been done.
#  Last modified 2022-07-29 04:42:47.885953124
#  File has been updated.
#  Successfully updated.

# Not a target:
srcs/main.c:
#  Implicit rule search has been done.
 
#  Last modified 2022-07-28 21:12:19.923386909
#  File has been updated.
#  Successfully updated.

# Not a target:
objs/exitclear.d:
#  Implicit rule search has been done.
#  Last modified 2022-07-28 23:55:30.324810283
#  File has been updated.
#  Successfully updated.

objs/parsing/types.o: ./srcs/parsing/types.c srcs/parsing/types.c includes/parsing.h includes/extern_libs.h libft/includes/libft.h libft/includes/ft_printf.h includes/structs.h includes/builtins.h includes/error.h includes/minishell.h includes/redir.h includes/exec.h includes/clearexit.h includes/signals.h
#  Implicit rule search has been done.
#  Implicit/static pattern stem: 'parsing/types'
#  Last modified 2022-07-29 03:25:05.323505881
#  File has been updated.
#  Successfully updated.
#  recipe to execute (from 'Makefile', line 92):
	@mkdir -p ${dir $@}
	@echo create: ${@:%=%}
	@${COMP} -MMD ${INCLUDES} -c $< -o $@

# Not a target:
srcs/exec/launch_builtin.c:
#  Implicit rule search has been done.
#  Last modified 2022-07-28 21:12:19.934386876
#  File has been updated.
#  Successfully updated.

objs/input.o: ./srcs/input.c srcs/input.c includes/minishell.h includes/extern_libs.h libft/includes/libft.h libft/includes/ft_printf.h includes/structs.h includes/parsing.h includes/builtins.h includes/error.h includes/redir.h includes/exec.h includes/clearexit.h includes/signals.h
#  Implicit rule search has been done.
#  Implicit/static pattern stem: 'input'
#  Last modified 2022-07-29 04:22:40.374735128
#  File has been updated.
#  Successfully updated.
#  recipe to execute (from 'Makefile', line 92):
	@mkdir -p ${dir $@}
	@echo create: ${@:%=%}
	@${COMP} -MMD ${INCLUDES} -c $< -o $@

# Not a target:
srcs/error.c:
#  Implicit rule search has been done.
#  Last modified 2022-07-29 00:15:32.973171261
#  File has been updated.
#  Successfully updated.

# Not a target:
includes/redir.h:
#  Implicit rule search has been done.
#  Last modified 2022-07-28 21:12:18.956389841
#  File has been updated.
#  Successfully updated.

# Not a target:
includes/error.h:
#  Implicit rule search has been done.
#  Last modified 2022-07-28 21:12:18.945389874
#  File has been updated.
#  Successfully updated.

objs/redirections/set_redir.o: ./srcs/redirections/set_redir.c srcs/redirections/set_redir.c includes/redir.h includes/extern_libs.h libft/includes/libft.h libft/includes/ft_printf.h includes/structs.h includes/error.h includes/minishell.h includes/parsing.h includes/builtins.h includes/exec.h includes/clearexit.h includes/signals.h
#  Implicit rule search has been done.
#  Implicit/static pattern stem: 'redirections/set_redir'
#  Last modified 2022-07-29 03:25:06.500502143
#  File has been updated.
#  Successfully updated.
#  recipe to execute (from 'Makefile', line 92):
	@mkdir -p ${dir $@}
	@echo create: ${@:%=%}
	@${COMP} -MMD ${INCLUDES} -c $< -o $@

objs/parsing/conv_to_cmd.o: ./srcs/parsing/conv_to_cmd.c srcs/parsing/conv_to_cmd.c includes/parsing.h includes/extern_libs.h libft/includes/libft.h libft/includes/ft_printf.h includes/structs.h includes/builtins.h includes/error.h includes/minishell.h includes/redir.h includes/exec.h includes/clearexit.h includes/signals.h
#  Implicit rule search has been done.
#  Implicit/static pattern stem: 'parsing/conv_to_cmd'
#  Last modified 2022-07-29 03:25:05.678504754
#  File has been updated.
#  Successfully updated.
#  recipe to execute (from 'Makefile', line 92):
	@mkdir -p ${dir $@}
	@echo create: ${@:%=%}
	@${COMP} -MMD ${INCLUDES} -c $< -o $@

objs/exec/cmd_execve.o: ./srcs/exec/cmd_execve.c srcs/exec/cmd_execve.c includes/exec.h includes/extern_libs.h libft/includes/libft.h libft/includes/ft_printf.h includes/structs.h includes/builtins.h includes/error.h includes/minishell.h includes/parsing.h includes/redir.h includes/signals.h includes/clearexit.h
#  Implicit rule search has been done.
#  Implicit/static pattern stem: 'exec/cmd_execve'
#  Last modified 2022-07-29 04:16:16.207936613
#  File has been updated.
#  Successfully updated.
#  recipe to execute (from 'Makefile', line 92):
	@mkdir -p ${dir $@}
	@echo create: ${@:%=%}
	@${COMP} -MMD ${INCLUDES} -c $< -o $@

# Not a target:
./srcs/exec/launch.c:
#  Implicit rule search has been done.
#  Last modified 2022-07-28 21:12:19.931386885
#  File has been updated.
#  Successfully updated.

# Not a target:
objs/exec/builtins/unset.d:
#  Implicit rule search has been done.
#  Last modified 2022-07-29 03:25:40.279394851
#  File has been updated.
#  Successfully updated.

# Not a target:
libft/includes/libft.h:
#  Implicit rule search has been done.
#  Last modified 2022-07-28 21:12:19.416388446
#  File has been updated.
#  Successfully updated.

# Not a target:
objs/parsing/cmd_creat.d:
#  Implicit rule search has been done.
#  Last modified 2022-07-29 03:25:05.768504468
#  File has been updated.
#  Successfully updated.

# Not a target:
includes/clearexit.h:
#  Implicit rule search has been done.
#  Last modified 2022-07-28 21:12:18.943389881
#  File has been updated.
#  Successfully updated.

# Not a target:
includes/parsing.h:
#  Implicit rule search has been done.
#  Last modified 2022-07-29 02:45:35.780854339
#  File has been updated.
#  Successfully updated.

objs/redirections/single_red.o: ./srcs/redirections/single_red.c srcs/redirections/single_red.c includes/redir.h includes/extern_libs.h libft/includes/libft.h libft/includes/ft_printf.h includes/structs.h includes/error.h includes/minishell.h includes/parsing.h includes/builtins.h includes/exec.h includes/clearexit.h includes/signals.h
#  Implicit rule search has been done.
#  Implicit/static pattern stem: 'redirections/single_red'
#  Last modified 2022-07-29 03:25:06.686501552
#  File has been updated.
#  Successfully updated.
#  recipe to execute (from 'Makefile', line 92):
	@mkdir -p ${dir $@}
	@echo create: ${@:%=%}
	@${COMP} -MMD ${INCLUDES} -c $< -o $@

# Not a target:
includes/extern_libs.h:
#  Implicit rule search has been done.
#  Last modified 2022-07-28 21:12:18.950389859
#  File has been updated.
#  Successfully updated.

# Not a target:
srcs/parsing/conv_to_cmd.c:
#  Implicit rule search has been done.
#  Last modified 2022-07-28 21:12:19.980386736
#  File has been updated.
#  Successfully updated.

# Not a target:
srcs/redirections/heredoc_set.c:
#  Implicit rule search has been done.
#  Last modified 2022-07-28 21:12:19.995386691
#  File has been updated.
#  Successfully updated.

# Not a target:
objs/parsing/parser.d:
#  Implicit rule search has been done.
#  Last modified 2022-07-29 03:25:05.863504166
#  File has been updated.
#  Successfully updated.

# Not a target:
./srcs/exec/builtins/pwd.c:
#  Implicit rule search has been done.
#  Last modified 2022-07-28 21:12:19.956386809
#  File has been updated.
#  Successfully updated.

# Not a target:
objs/clear.d:
#  Implicit rule search has been done.
#  Last modified 2022-07-29 03:25:04.57150827
#  File has been updated.
#  Successfully updated.

# Not a target:
srcs/redirections/heredoc_run.c:
#  Implicit rule search has been done.
#  Last modified 2022-07-28 21:12:19.993386697
#  File has been updated.
#  Successfully updated.

# Not a target:
./srcs/exec/builtins/cd.c:
#  Implicit rule search has been done.
#  Last modified 2022-07-29 02:45:01.855958279
#  File has been updated.
#  Successfully updated.

# Not a target:
./srcs/exec/launch_single.c:
#  Implicit rule search has been done.
#  Last modified 2022-07-29 00:16:19.690029851
#  File has been updated.
#  Successfully updated.

# Not a target:
srcs/init.c:
#  Implicit rule search has been done.
#  Last modified 2022-07-29 02:45:29.026875032
#  File has been updated.
#  Successfully updated.

# Not a target:
objs/prompt.d:
#  Implicit rule search has been done.
#  Last modified 2022-07-29 03:25:04.93350712
#  File has been updated.
#  Successfully updated.

# Not a target:
./srcs/exec/builtins/unset.c:
#  Implicit rule search has been done.
#  Last modified 2022-07-28 21:12:19.952386821
#  File has been updated.
#  Successfully updated.

objs/signals.o: ./srcs/signals.c srcs/signals.c includes/signals.h includes/extern_libs.h libft/includes/libft.h libft/includes/ft_printf.h includes/minishell.h includes/structs.h includes/parsing.h includes/builtins.h includes/error.h includes/redir.h includes/exec.h includes/clearexit.h
#  Implicit rule search has been done.
#  Implicit/static pattern stem: 'signals'
#  Last modified 2022-07-29 03:25:05.044506767
#  File has been updated.
#  Successfully updated.
#  recipe to execute (from 'Makefile', line 92):
	@mkdir -p ${dir $@}
	@echo create: ${@:%=%}
	@${COMP} -MMD ${INCLUDES} -c $< -o $@

# Not a target:
srcs/exec/builtins/exit.c:
#  Implicit rule search has been done.
#  Last modified 2022-07-28 21:12:19.948386833
#  File has been updated.
#  Successfully updated.

minishell: objs/main.o objs/clear.o objs/error.o objs/exitclear.o objs/init.o objs/input.o objs/prompt.o objs/signals.o objs/parsing/tokenizer.o objs/parsing/token_utils.o objs/parsing/types.o objs/parsing/lexer.o objs/parsing/expand.o objs/parsing/expand_utils.o objs/parsing/conv_to_cmd.o objs/parsing/cmd_creat.o objs/parsing/parser.o objs/parsing/utils_comparison.o objs/parsing/utils_comparison2.o objs/redirections/check_access.o objs/redirections/heredoc_run.o objs/redirections/heredoc_set.o objs/redirections/open.o objs/redirections/set_redir.o objs/redirections/pipeline_red.o objs/redirections/single_red.o objs/redirections/utils.o objs/exec/cmd_execve.o objs/exec/cmd_path.o objs/exec/launch.o objs/exec/launch_builtin.o objs/exec/launch_pipeline.o objs/exec/launch_single.o objs/exec/wait.o objs/exec/builtins/cd.o objs/exec/builtins/echo.o objs/exec/builtins/env.o objs/exec/builtins/exit.o objs/exec/builtins/export.o objs/exec/builtins/pwd.o objs/exec/builtins/unset.o libft/libft.a Makefile
#  Implicit rule search has not been done.
#  Implicit/static pattern stem: ''
#  Last modified 2022-07-29 04:41:46.621144528
#  File has been updated.
#  Needs to be updated (-q is set).
# automatic
# @ := minishell
# automatic
# % := 
# automatic
# * := 
# automatic
# + := objs/main.o objs/clear.o objs/error.o objs/exitclear.o objs/init.o objs/input.o objs/prompt.o objs/signals.o objs/parsing/tokenizer.o objs/parsing/token_utils.o objs/parsing/types.o objs/parsing/lexer.o objs/parsing/expand.o objs/parsing/expand_utils.o objs/parsing/conv_to_cmd.o objs/parsing/cmd_creat.o objs/parsing/parser.o objs/parsing/utils_comparison.o objs/parsing/utils_comparison2.o objs/redirections/check_access.o objs/redirections/heredoc_run.o objs/redirections/heredoc_set.o objs/redirections/open.o objs/redirections/set_redir.o objs/redirections/pipeline_red.o objs/redirections/single_red.o objs/redirections/utils.o objs/exec/cmd_execve.o objs/exec/cmd_path.o objs/exec/launch.o objs/exec/launch_builtin.o objs/exec/launch_pipeline.o objs/exec/launch_single.o objs/exec/wait.o objs/exec/builtins/cd.o objs/exec/builtins/echo.o objs/exec/builtins/env.o objs/exec/builtins/exit.o objs/exec/builtins/export.o objs/exec/builtins/pwd.o objs/exec/builtins/unset.o libft/libft.a Makefile
# automatic
# | := 
# automatic
# < := objs/main.o
# automatic
# ^ := objs/main.o objs/clear.o objs/error.o objs/exitclear.o objs/init.o objs/input.o objs/prompt.o objs/signals.o objs/parsing/tokenizer.o objs/parsing/token_utils.o objs/parsing/types.o objs/parsing/lexer.o objs/parsing/expand.o objs/parsing/expand_utils.o objs/parsing/conv_to_cmd.o objs/parsing/cmd_creat.o objs/parsing/parser.o objs/parsing/utils_comparison.o objs/parsing/utils_comparison2.o objs/redirections/check_access.o objs/redirections/heredoc_run.o objs/redirections/heredoc_set.o objs/redirections/open.o objs/redirections/set_redir.o objs/redirections/pipeline_red.o objs/redirections/single_red.o objs/redirections/utils.o objs/exec/cmd_execve.o objs/exec/cmd_path.o objs/exec/launch.o objs/exec/launch_builtin.o objs/exec/launch_pipeline.o objs/exec/launch_single.o objs/exec/wait.o objs/exec/builtins/cd.o objs/exec/builtins/echo.o objs/exec/builtins/env.o objs/exec/builtins/exit.o objs/exec/builtins/export.o objs/exec/builtins/pwd.o objs/exec/builtins/unset.o libft/libft.a Makefile
# automatic
# ? := Makefile
# variable set hash-table stats:
 
# Load=8/32=25%, Rehash=0, Collisions=3/19=16%
#  recipe to execute (from 'Makefile', line 86):
	@${COMP} ${LD_FLAGS} ${OBJS} -o ${TARGET} -lft
	@echo "${TARGET} created"

objs/parsing/tokenizer.o: ./srcs/parsing/tokenizer.c srcs/parsing/tokenizer.c includes/parsing.h includes/extern_libs.h libft/includes/libft.h libft/includes/ft_printf.h includes/structs.h includes/builtins.h includes/error.h includes/minishell.h includes/redir.h includes/exec.h includes/clearexit.h includes/signals.h
#  Implicit rule search has been done.
#  Implicit/static pattern stem: 'parsing/tokenizer'
#  Last modified 2022-07-29 03:25:05.140506463
#  File has been updated.
#  Successfully updated.
#  recipe to execute (from 'Makefile', line 92):
	@mkdir -p ${dir $@}
	@echo create: ${@:%=%}
	@${COMP} -MMD ${INCLUDES} -c $< -o $@

libft/libft.a:
#  Implicit rule search has not been done.
#  Last modified 2022-07-28 23:55:29.945811429
#  File has been updated.
#  Successfully updated.
#  recipe to execute (from 'Makefile', line 83):
	@make -C ${LIBFT_DIR}

# Not a target:
srcs/exec/builtins/cd.c:
#  Implicit rule search has been done.
#  Last modified 2022-07-29 02:45:01.855958279
#  File has been updated.
#  Successfully updated.

objs/redirections/pipeline_red.o: ./srcs/redirections/pipeline_red.c srcs/redirections/pipeline_red.c includes/redir.h includes/extern_libs.h libft/includes/libft.h libft/includes/ft_printf.h includes/structs.h includes/error.h includes/minishell.h includes/parsing.h includes/builtins.h includes/exec.h includes/clearexit.h includes/signals.h
#  Implicit rule search has been done.
#  Implicit/static pattern stem: 'redirections/pipeline_red'
#  Last modified 2022-07-29 03:25:06.592501851
#  File has been updated.
#  Successfully updated.
#  recipe to execute (from 'Makefile', line 92):
	@mkdir -p ${dir $@}
	@echo create: ${@:%=%}
	@${COMP} -MMD ${INCLUDES} -c $< -o $@

# Not a target:
srcs/exec/builtins/env.c:
#  Implicit rule search has been done.
#  Last modified 2022-07-28 21:12:19.945386842
#  File has been updated.
#  Successfully updated.

objs/redirections/open.o: ./srcs/redirections/open.c srcs/redirections/open.c includes/redir.h includes/extern_libs.h libft/includes/libft.h libft/includes/ft_printf.h includes/structs.h includes/error.h includes/minishell.h includes/parsing.h includes/builtins.h includes/exec.h includes/clearexit.h includes/signals.h
#  Implicit rule search has been done.
#  Implicit/static pattern stem: 'redirections/open'
#  Last modified 2022-07-29 03:25:06.403502451
#  File has been updated.
#  Successfully updated.
#  recipe to execute (from 'Makefile', line 92):
	@mkdir -p ${dir $@}
	@echo create: ${@:%=%}
	@${COMP} -MMD ${INCLUDES} -c $< -o $@

fclean: clean
#  Phony target (prerequisite of .PHONY).
#  Implicit rule search has not been done.
#  File does not exist.
#  File has not been updated.
#  recipe to execute (from 'Makefile', line 103):
	@make fclean -C libft
	@${RM} ${TARGET}
	@echo "program deleted"

objs/exec/launch.o: ./srcs/exec/launch.c srcs/exec/launch.c includes/exec.h includes/extern_libs.h libft/includes/libft.h libft/includes/ft_printf.h includes/structs.h includes/builtins.h includes/error.h includes/minishell.h includes/parsing.h includes/redir.h includes/signals.h includes/clearexit.h
#  Implicit rule search has been done.
#  Implicit/static pattern stem: 'exec/launch'
#  Last modified 2022-07-29 03:25:39.203398269
#  File has been updated.
#  Successfully updated.
#  recipe to execute (from 'Makefile', line 92):
	@mkdir -p ${dir $@}
	@echo create: ${@:%=%}
	@${COMP} -MMD ${INCLUDES} -c $< -o $@

# Not a target:
./srcs/parsing/lexer.c:
#  Implicit rule search has been done.
#  Last modified 2022-07-28 21:12:19.983386727
#  File has been updated.
#  Successfully updated.

# Not a target:
./srcs/parsing/expand.c:
#  Implicit rule search has been done.
#  Last modified 2022-07-28 21:12:19.963386788
#  File has been updated.
#  Successfully updated.

# Not a target:
srcs/parsing/types.c:
#  Implicit rule search has been done.
#  Last modified 2022-07-28 21:12:19.973386757
#  File has been updated.
#  Successfully updated.

# Not a target:
srcs/input.c:
#  Implicit rule search has been done.
#  Last modified 2022-07-29 04:22:38.152742092
#  File has been updated.
#  Successfully updated.

objs/init.o: ./srcs/init.c srcs/init.c includes/minishell.h includes/extern_libs.h libft/includes/libft.h libft/includes/ft_printf.h includes/structs.h includes/parsing.h includes/builtins.h includes/error.h includes/redir.h includes/exec.h includes/clearexit.h includes/signals.h
#  Implicit rule search has been done.
#  Implicit/static pattern stem: 'init'
#  Last modified 2022-07-29 03:25:04.752507695
#  File has been updated.
#  Successfully updated.
#  recipe to execute (from 'Makefile', line 92):
	@mkdir -p ${dir $@}
	@echo create: ${@:%=%}
	@${COMP} -MMD ${INCLUDES} -c $< -o $@

objs/redirections/check_access.o: ./srcs/redirections/check_access.c srcs/redirections/check_access.c includes/redir.h includes/extern_libs.h libft/includes/libft.h libft/includes/ft_printf.h includes/structs.h includes/error.h includes/minishell.h includes/parsing.h includes/builtins.h includes/exec.h includes/clearexit.h includes/signals.h
#  Implicit rule search has been done.
#  Implicit/static pattern stem: 'redirections/check_access'
#  Last modified 2022-07-29 03:25:06.124503337
#  File has been updated.
#  Successfully updated.
#  recipe to execute (from 'Makefile', line 92):
	@mkdir -p ${dir $@}
	@echo create: ${@:%=%}
	@${COMP} -MMD ${INCLUDES} -c $< -o $@

# Not a target:
srcs/redirections/set_redir.c:
#  Implicit rule search has been done.
#  Last modified 2022-07-28 21:12:20.002386669
#  File has been updated.
#  Successfully updated.

objs/exec/cmd_path.o: ./srcs/exec/cmd_path.c srcs/exec/cmd_path.c includes/exec.h includes/extern_libs.h libft/includes/libft.h libft/includes/ft_printf.h includes/structs.h includes/builtins.h includes/error.h includes/minishell.h includes/parsing.h includes/redir.h includes/signals.h includes/clearexit.h
#  Implicit rule search has been done.
#  Implicit/static pattern stem: 'exec/cmd_path'
#  Last modified 2022-07-29 03:25:39.087398638
#  File has been updated.
#  Successfully updated.
#  recipe to execute (from 'Makefile', line 92):
	@mkdir -p ${dir $@}
	@echo create: ${@:%=%}
	@${COMP} -MMD ${INCLUDES} -c $< -o $@

# Not a target:
srcs/exec/cmd_execve.c:
#  Implicit rule search has been done.
#  Last modified 2022-07-29 03:57:50.613388598
#  File has been updated.
#  Successfully updated.

# Not a target:
objs/exec/builtins/pwd.d:
#  Implicit rule search has been done.
#  Last modified 2022-07-29 03:25:40.186395147
#  File has been updated.
#  Successfully updated.

# Not a target:
./srcs/exec/builtins/export.c:
#  Implicit rule search has been done.
#  Last modified 2022-07-28 21:12:19.950386827
#  File has been updated.
#  Successfully updated.

# Not a target:
objs/exec/builtins/cd.d:
#  Implicit rule search has been done.
#  Last modified 2022-07-29 03:25:39.698396697
#  File has been updated.
#  Successfully updated.

# Not a target:
objs/exec/launch_single.d:
#  Implicit rule search has been done.
#  Last modified 2022-07-29 03:25:39.500397326
#  File has been updated.
#  Successfully updated.

# Not a target:
./srcs/parsing/utils_comparison2.c:
#  Implicit rule search has been done.
#  Last modified 2022-07-28 21:12:19.975386751
#  File has been updated.
#  Successfully updated.

objs/parsing/utils_comparison.o: ./srcs/parsing/utils_comparison.c srcs/parsing/utils_comparison.c includes/parsing.h includes/extern_libs.h libft/includes/libft.h libft/includes/ft_printf.h includes/structs.h includes/builtins.h includes/error.h includes/minishell.h includes/redir.h includes/exec.h includes/clearexit.h includes/signals.h
#  Implicit rule search has been done.
#  Implicit/static pattern stem: 'parsing/utils_comparison'
#  Last modified 2022-07-29 03:25:05.948503896
#  File has been updated.
#  Successfully updated.
#  recipe to execute (from 'Makefile', line 92):
	@mkdir -p ${dir $@}
	@echo create: ${@:%=%}
	@${COMP} -MMD ${INCLUDES} -c $< -o $@

# Not a target:
srcs/redirections/single_red.c:
#  Implicit rule search has been done.
#  Last modified 2022-07-28 21:12:20.00538666
#  File has been updated.
#  Successfully updated.

objs/parsing/expand_utils.o: ./srcs/parsing/expand_utils.c srcs/parsing/expand_utils.c includes/parsing.h includes/extern_libs.h libft/includes/libft.h libft/includes/ft_printf.h includes/structs.h includes/builtins.h includes/error.h includes/minishell.h includes/redir.h includes/exec.h includes/clearexit.h includes/signals.h
#  Implicit rule search has been done.
#  Implicit/static pattern stem: 'parsing/expand_utils'
#  Last modified 2022-07-29 03:25:05.589505036
#  File has been updated.
#  Successfully updated.
#  recipe to execute (from 'Makefile', line 92):
	@mkdir -p ${dir $@}
	@echo create: ${@:%=%}
	@${COMP} -MMD ${INCLUDES} -c $< -o $@

# Not a target:
./srcs/redirections/utils.c:
#  Implicit rule search has been done.
#  Last modified 2022-07-28 21:12:20.01538663
#  File has been updated.
#  Successfully updated.

# Not a target:
objs/parsing/token_utils.d:
#  Implicit rule search has been done.
#  Last modified 2022-07-29 03:25:05.231506174
#  File has been updated.
#  Successfully updated.

# Not a target:
objs/exec/wait.d:
#  Implicit rule search has been done.
#  Last modified 2022-07-29 03:25:39.59339703
#  File has been updated.
#  Successfully updated.

objs/exitclear.o: ./srcs/exitclear.c srcs/exitclear.c includes/clearexit.h includes/extern_libs.h libft/includes/libft.h libft/includes/ft_printf.h includes/structs.h
#  Implicit rule search has been done.
#  Implicit/static pattern stem: 'exitclear'
#  Last modified 2022-07-28 23:55:30.322810289
#  File has been updated.
#  Successfully updated.
#  recipe to execute (from 'Makefile', line 92):
	@mkdir -p ${dir $@}
	@echo create: ${@:%=%}
	@${COMP} -MMD ${INCLUDES} -c $< -o $@

# Not a target:
.DEFAULT:
#  Implicit rule search has not been done.
#  Modification time never checked.
#  File has not been updated.

objs/exec/launch_pipeline.o: ./srcs/exec/launch_pipeline.c srcs/exec/launch_pipeline.c includes/exec.h includes/extern_libs.h libft/includes/libft.h libft/includes/ft_printf.h includes/structs.h includes/builtins.h includes/error.h includes/minishell.h includes/parsing.h includes/redir.h includes/signals.h includes/clearexit.h
#  Implicit rule search has been done.
#  Implicit/static pattern stem: 'exec/launch_pipeline'
#  Last modified 2022-07-29 03:25:39.405397628
#  File has been updated.
#  Successfully updated.
#  recipe to execute (from 'Makefile', line 92):
	@mkdir -p ${dir $@}
	@echo create: ${@:%=%}
	@${COMP} -MMD ${INCLUDES} -c $< -o $@

# Not a target:
srcs/signals.c:
#  Implicit rule search has been done.
 
#  Last modified 2022-07-28 21:12:19.928386894
#  File has been updated.
#  Successfully updated.

objs/parsing/cmd_creat.o: ./srcs/parsing/cmd_creat.c srcs/parsing/cmd_creat.c includes/parsing.h includes/extern_libs.h libft/includes/libft.h libft/includes/ft_printf.h includes/structs.h includes/builtins.h includes/error.h includes/minishell.h includes/redir.h includes/exec.h includes/clearexit.h includes/signals.h
#  Implicit rule search has been done.
#  Implicit/static pattern stem: 'parsing/cmd_creat'
#  Last modified 2022-07-29 03:25:05.767504471
#  File has been updated.
#  Successfully updated.
#  recipe to execute (from 'Makefile', line 92):
	@mkdir -p ${dir $@}
	@echo create: ${@:%=%}
	@${COMP} -MMD ${INCLUDES} -c $< -o $@

# Not a target:
objs/parsing/lexer.d:
#  Implicit rule search has been done.
#  Last modified 2022-07-29 03:25:05.414505592
#  File has been updated.
#  Successfully updated.

# Not a target:
objs/parsing/expand.d:
#  Implicit rule search has been done.
#  Last modified 2022-07-29 03:25:05.509505291
#  File has been updated.
#  Successfully updated.

# Not a target:
objs/exec/builtins/echo.d:
#  Implicit rule search has been done.
#  Last modified 2022-07-29 03:25:39.815396325
#  File has been updated.
#  Successfully updated.

# Not a target:
srcs/redirections/open.c:
#  Implicit rule search has been done.
#  Last modified 2022-07-29 01:31:54.223300949
#  File has been updated.
#  Successfully updated.

# Not a target:
srcs/parsing/tokenizer.c:
#  Implicit rule search has been done.
#  Last modified 2022-07-28 21:12:19.970386767
#  File has been updated.
#  Successfully updated.

# Not a target:
./srcs/prompt.c:
#  Implicit rule search has been done.
#  Last modified 2022-07-28 21:12:19.9263869
#  File has been updated.
#  Successfully updated.

# Not a target:
./srcs/main.c:
#  Implicit rule search has been done.
#  Last modified 2022-07-28 21:12:19.923386909
#  File has been updated.
#  Successfully updated.

# Not a target:
./srcs/parsing/token_utils.c:
#  Implicit rule search has been done.
#  Last modified 2022-07-28 21:12:19.985386721
#  File has been updated.
#  Successfully updated.

# Not a target:
srcs/redirections/pipeline_red.c:
#  Implicit rule search has been done.
#  Last modified 2022-07-28 21:12:19.999386679
#  File has been updated.
#  Successfully updated.

re: fclean all
#  Phony target (prerequisite of .PHONY).
#  Implicit rule search has not been done.
#  File does not exist.
#  File has not been updated.

# Not a target:
./srcs/exec/launch_builtin.c:
#  Implicit rule search has been done.
#  Last modified 2022-07-28 21:12:19.934386876
#  File has been updated.
#  Successfully updated.

objs/exec/builtins/unset.o: ./srcs/exec/builtins/unset.c srcs/exec/builtins/unset.c includes/exec.h includes/extern_libs.h libft/includes/libft.h libft/includes/ft_printf.h includes/structs.h includes/builtins.h includes/error.h includes/minishell.h includes/parsing.h includes/redir.h includes/signals.h includes/clearexit.h
#  Implicit rule search has been done.
#  Implicit/static pattern stem: 'exec/builtins/unset'
#  Last modified 2022-07-29 03:25:40.278394855
#  File has been updated.
#  Successfully updated.
#  recipe to execute (from 'Makefile', line 92):
	@mkdir -p ${dir $@}
	@echo create: ${@:%=%}
	@${COMP} -MMD ${INCLUDES} -c $< -o $@

objs/parsing/parser.o: ./srcs/parsing/parser.c srcs/parsing/parser.c includes/parsing.h includes/extern_libs.h libft/includes/libft.h libft/includes/ft_printf.h includes/structs.h includes/builtins.h includes/error.h includes/minishell.h includes/redir.h includes/exec.h includes/clearexit.h includes/signals.h
#  Implicit rule search has been done.
#  Implicit/static pattern stem: 'parsing/parser'
#  Last modified 2022-07-29 03:25:05.861504172
#  File has been updated.
#  Successfully updated.
#  recipe to execute (from 'Makefile', line 92):
	@mkdir -p ${dir $@}
	@echo create: ${@:%=%}
	@${COMP} -MMD ${INCLUDES} -c $< -o $@

# Not a target:
srcs/exec/launch.c:
#  Implicit rule search has been done.
#  Last modified 2022-07-28 21:12:19.931386885
#  File has been updated.
#  Successfully updated.

# Not a target:
objs/exec/builtins/export.d:
#  Implicit rule search has been done.
#  Last modified 2022-07-29 03:25:40.099395423
#  File has been updated.
#  Successfully updated.

objs/clear.o: ./srcs/clear.c srcs/clear.c includes/minishell.h includes/extern_libs.h libft/includes/libft.h libft/includes/ft_printf.h includes/structs.h includes/parsing.h includes/builtins.h includes/error.h includes/redir.h includes/exec.h includes/clearexit.h includes/signals.h
#  Implicit rule search has been done.
#  Implicit/static pattern stem: 'clear'
#  Last modified 2022-07-29 03:25:04.570508273
#  File has been updated.
#  Successfully updated.
#  recipe to execute (from 'Makefile', line 92):
	@mkdir -p ${dir $@}
	@echo create: ${@:%=%}
	@${COMP} -MMD ${INCLUDES} -c $< -o $@

# Not a target:
objs/parsing/utils_comparison2.d:
#  Implicit rule search has been done.
#  Last modified 2022-07-29 03:25:06.039503607
#  File has been updated.
#  Successfully updated.

objs/prompt.o: ./srcs/prompt.c srcs/prompt.c includes/minishell.h includes/extern_libs.h libft/includes/libft.h libft/includes/ft_printf.h includes/structs.h includes/parsing.h includes/builtins.h includes/error.h includes/redir.h includes/exec.h includes/clearexit.h includes/signals.h
#  Implicit rule search has been done.
#  Implicit/static pattern stem: 'prompt'
#  Last modified 2022-07-29 03:25:04.93050713
#  File has been updated.
#  Successfully updated.
#  recipe to execute (from 'Makefile', line 92):
	@mkdir -p ${dir $@}
	@echo create: ${@:%=%}
	@${COMP} -MMD ${INCLUDES} -c $< -o $@

# Not a target:
objs/redirections/utils.d:
#  Implicit rule search has been done.
#  Last modified 2022-07-29 03:25:06.780501253
#  File has been updated.
#  Successfully updated.

# Not a target:
srcs/redirections/check_access.c:
#  Implicit rule search has been done.
#  Last modified 2022-07-28 21:12:19.991386703
#  File has been updated.
#  Successfully updated.

# Not a target:
srcs/exec/cmd_path.c:
#  Implicit rule search has been done.
#  Last modified 2022-07-29 03:25:31.649422263
#  File has been updated.
#  Successfully updated.

# Not a target:
./srcs/redirections/heredoc_set.c:
#  Implicit rule search has been done.
#  Last modified 2022-07-28 21:12:19.995386691
#  File has been updated.
#  Successfully updated.

# Not a target:
srcs/parsing/utils_comparison.c:
#  Implicit rule search has been done.
#  Last modified 2022-07-28 21:52:29.877098692
#  File has been updated.
#  Successfully updated.

# Not a target:
./srcs/redirections/heredoc_run.c:
#  Implicit rule search has been done.
#  Last modified 2022-07-28 21:12:19.993386697
#  File has been updated.
#  Successfully updated.

# Not a target:
srcs/parsing/expand_utils.c:
#  Implicit rule search has been done.
#  Last modified 2022-07-29 02:45:38.34584648
#  File has been updated.
#  Successfully updated.

# Not a target:
srcs/exitclear.c:
#  Implicit rule search has been done.
#  Last modified 2022-07-28 21:12:19.917386927
#  File has been updated.
#  Successfully updated.

# Not a target:
objs/main.d:
#  Implicit rule search has been done.
#  Last modified 2022-07-29 03:25:04.485508543
#  File has been updated.
#  Successfully updated.

# Not a target:
objs/exec/launch_builtin.d:
#  Implicit rule search has been done.
#  Last modified 2022-07-29 03:25:39.308397936
#  File has been updated.
#  Successfully updated.

# Not a target:
srcs/exec/launch_pipeline.c:
#  Implicit rule search has been done.
#  Last modified 2022-07-29 00:16:02.832080874
#  File has been updated.
#  Successfully updated.

# Not a target:
objs/error.d:
#  Implicit rule search has been done.
#  Last modified 2022-07-29 03:25:04.664507974
#  File has been updated.
#  Successfully updated.

objs/exec/builtins/pwd.o: ./srcs/exec/builtins/pwd.c srcs/exec/builtins/pwd.c includes/exec.h includes/extern_libs.h libft/includes/libft.h libft/includes/ft_printf.h includes/structs.h includes/builtins.h includes/error.h includes/minishell.h includes/parsing.h includes/redir.h includes/signals.h includes/clearexit.h
#  Implicit rule search has been done.
#  Implicit/static pattern stem: 'exec/builtins/pwd'
#  Last modified 2022-07-29 03:25:40.184395153
#  File has been updated.
#  Successfully updated.
#  recipe to execute (from 'Makefile', line 92):
	@mkdir -p ${dir $@}
	@echo create: ${@:%=%}
	@${COMP} -MMD ${INCLUDES} -c $< -o $@

# Not a target:
srcs/parsing/cmd_creat.c:
#  Implicit rule search has been done.
#  Last modified 2022-07-28 21:12:19.978386742
#  File has been updated.
#  Successfully updated.

# Not a target:
./srcs/exec/builtins/env.c:
#  Implicit rule search has been done.
#  Last modified 2022-07-28 21:12:19.945386842
#  File has been updated.
#  Successfully updated.

# Not a target:
./srcs/redirections/check_access.c:
#  Implicit rule search has been done.
#  Last modified 2022-07-28 21:12:19.991386703
#  File has been updated.
#  Successfully updated.

objs/exec/builtins/cd.o: ./srcs/exec/builtins/cd.c srcs/exec/builtins/cd.c includes/parsing.h includes/extern_libs.h libft/includes/libft.h libft/includes/ft_printf.h includes/structs.h includes/builtins.h includes/error.h includes/minishell.h includes/redir.h includes/exec.h includes/clearexit.h includes/signals.h
#  Implicit rule search has been done.
#  Implicit/static pattern stem: 'exec/builtins/cd'
#  Last modified 2022-07-29 03:25:39.691396719
#  File has been updated.
#  Successfully updated.
#  recipe to execute (from 'Makefile', line 92):
	@mkdir -p ${dir $@}
	@echo create: ${@:%=%}
	@${COMP} -MMD ${INCLUDES} -c $< -o $@

# Not a target:
 
includes/exec.h:
#  Implicit rule search has been done.
#  Last modified 2022-07-29 02:56:23.863868544
#  File has been updated.
#  Successfully updated.

objs/exec/launch_single.o: ./srcs/exec/launch_single.c srcs/exec/launch_single.c includes/exec.h includes/extern_libs.h libft/includes/libft.h libft/includes/ft_printf.h includes/structs.h includes/builtins.h includes/error.h includes/minishell.h includes/parsing.h includes/redir.h includes/signals.h includes/clearexit.h
#  Implicit rule search has been done.
#  Implicit/static pattern stem: 'exec/launch_single'
#  Last modified 2022-07-29 03:25:39.498397332
#  File has been updated.
#  Successfully updated.
#  recipe to execute (from 'Makefile', line 92):
	@mkdir -p ${dir $@}
	@echo create: ${@:%=%}
	@${COMP} -MMD ${INCLUDES} -c $< -o $@

# Not a target:
./srcs/error.c:
#  Implicit rule search has been done.
#  Last modified 2022-07-29 00:15:32.973171261
#  File has been updated.
#  Successfully updated.

# Not a target:
./srcs/parsing/types.c:
#  Implicit rule search has been done.
#  Last modified 2022-07-28 21:12:19.973386757
#  File has been updated.
#  Successfully updated.

# Not a target:
includes/builtins.h:
#  Implicit rule search has been done.
#  Last modified 2022-07-28 21:12:18.941389886
#  File has been updated.
#  Successfully updated.

# Not a target:
./srcs/input.c:
#  Implicit rule search has been done.
#  Last modified 2022-07-29 04:22:38.152742092
#  File has been updated.
#  Successfully updated.

objs/parsing/token_utils.o: ./srcs/parsing/token_utils.c srcs/parsing/token_utils.c includes/parsing.h includes/extern_libs.h libft/includes/libft.h libft/includes/ft_printf.h includes/structs.h includes/builtins.h includes/error.h includes/minishell.h includes/redir.h includes/exec.h includes/clearexit.h includes/signals.h
#  Implicit rule search has been done.
#  Implicit/static pattern stem: 'parsing/token_utils'
#  Last modified 2022-07-29 03:25:05.230506177
#  File has been updated.
#  Successfully updated.
#  recipe to execute (from 'Makefile', line 92):
	@mkdir -p ${dir $@}
	@echo create: ${@:%=%}
	@${COMP} -MMD ${INCLUDES} -c $< -o $@

objs/exec/wait.o: ./srcs/exec/wait.c srcs/exec/wait.c includes/exec.h includes/extern_libs.h libft/includes/libft.h libft/includes/ft_printf.h includes/structs.h includes/builtins.h includes/error.h includes/minishell.h includes/parsing.h includes/redir.h includes/signals.h includes/clearexit.h
#  Implicit rule search has been done.
#  Implicit/static pattern stem: 'exec/wait'
#  Last modified 2022-07-29 03:25:39.592397034
#  File has been updated.
#  Successfully updated.
#  recipe to execute (from 'Makefile', line 92):
	@mkdir -p ${dir $@}
	@echo create: ${@:%=%}
	@${COMP} -MMD ${INCLUDES} -c $< -o $@

# Not a target:
objs/redirections/heredoc_set.d:
#  Implicit rule search has been done.
#  Last modified 2022-07-29 03:25:06.314502734
#  File has been updated.
#  Successfully updated.

# Not a target:
srcs/clear.c:
#  Implicit rule search has been done.
#  Last modified 2022-07-28 21:14:38.494966751
#  File has been updated.
#  Successfully updated.

# Not a target:
./srcs/redirections/set_redir.c:
#  Implicit rule search has been done.
#  Last modified 2022-07-28 21:12:20.002386669
#  File has been updated.
#  Successfully updated.

# Not a target:
./srcs/parsing/conv_to_cmd.c:
#  Implicit rule search has been done.
#  Last modified 2022-07-28 21:12:19.980386736
#  File has been updated.
#  Successfully updated.

# Not a target:
./srcs/exec/cmd_execve.c:
#  Implicit rule search has been done.
#  Last modified 2022-07-29 03:57:50.613388598
#  File has been updated.
#  Successfully updated.

# Not a target:
includes/minishell.h:
#  Implicit rule search has been done.
#  Last modified 2022-07-28 21:12:18.95338985
#  File has been updated.
#  Successfully updated.

# Not a target:
objs/exec/launch_pipeline.d:
#  Implicit rule search has been done.
#  Last modified 2022-07-29 03:25:39.407397621
#  File has been updated.
#  Successfully updated.

# Not a target:
objs/redirections/heredoc_run.d:
#  Implicit rule search has been done.
#  Last modified 2022-07-29 03:25:06.222503026
#  File has been updated.
#  Successfully updated.

# Not a target:
./srcs/exec/builtins/exit.c:
#  Implicit rule search has been done.
#  Last modified 2022-07-28 21:12:19.948386833
#  File has been updated.
#  Successfully updated.

# Not a target:
srcs/prompt.c:
#  Implicit rule search has been done.
#  Last modified 2022-07-28 21:12:19.9263869
#  File has been updated.
#  Successfully updated.

objs/parsing/lexer.o: ./srcs/parsing/lexer.c srcs/parsing/lexer.c includes/parsing.h includes/extern_libs.h libft/includes/libft.h libft/includes/ft_printf.h includes/structs.h includes/builtins.h includes/error.h includes/minishell.h includes/redir.h includes/exec.h includes/clearexit.h includes/signals.h
#  Implicit rule search has been done.
#  Implicit/static pattern stem: 'parsing/lexer'
#  Last modified 2022-07-29 03:25:05.413505595
#  File has been updated.
#  Successfully updated.
#  recipe to execute (from 'Makefile', line 92):
	@mkdir -p ${dir $@}
	@echo create: ${@:%=%}
	@${COMP} -MMD ${INCLUDES} -c $< -o $@

objs/parsing/expand.o: ./srcs/parsing/expand.c srcs/parsing/expand.c includes/parsing.h includes/extern_libs.h libft/includes/libft.h libft/includes/ft_printf.h includes/structs.h includes/builtins.h includes/error.h includes/minishell.h includes/redir.h includes/exec.h includes/clearexit.h includes/signals.h
#  Implicit rule search has been done.
#  Implicit/static pattern stem: 'parsing/expand'
#  Last modified 2022-07-29 03:25:05.508505294
#  File has been updated.
#  Successfully updated.
#  recipe to execute (from 'Makefile', line 92):
	@mkdir -p ${dir $@}
	@echo create: ${@:%=%}
	@${COMP} -MMD ${INCLUDES} -c $< -o $@

objs/exec/builtins/echo.o: ./srcs/exec/builtins/echo.c srcs/exec/builtins/echo.c includes/exec.h includes/extern_libs.h libft/includes/libft.h libft/includes/ft_printf.h includes/structs.h includes/builtins.h includes/error.h includes/minishell.h includes/parsing.h includes/redir.h includes/signals.h includes/clearexit.h
#  Implicit rule search has been done.
#  Implicit/static pattern stem: 'exec/builtins/echo'
#  Last modified 2022-07-29 03:25:39.814396329
#  File has been updated.
#  Successfully updated.
#  recipe to execute (from 'Makefile', line 92):
	@mkdir -p ${dir $@}
	@echo create: ${@:%=%}
	@${COMP} -MMD ${INCLUDES} -c $< -o $@

# Not a target:
./srcs/redirections/single_red.c:
#  Implicit rule search has been done.
#  Last modified 2022-07-28 21:12:20.00538666
#  File has been updated.
#  Successfully updated.

# Not a target:
srcs/exec/builtins/unset.c:
#  Implicit rule search has been done.
#  Last modified 2022-07-28 21:12:19.952386821
#  File has been updated.
#  Successfully updated.

# Not a target:
./srcs/parsing/utils_comparison.c:
#  Implicit rule search has been done.
#  Last modified 2022-07-28 21:52:29.877098692
#  File has been updated.
#  Successfully updated.

# Not a target:
srcs/parsing/parser.c:
#  Implicit rule search has been done.
#  Last modified 2022-07-28 21:47:29.485005292
#  File has been updated.
#  Successfully updated.

clean:
#  Phony target (prerequisite of .PHONY).
#  Implicit rule search has not been done.
#  File does not exist.
#  File has not been updated.
#  recipe to execute (from 'Makefile', line 97):
	@make clean -C libft
	@${RM} ${BUILD_DIR}
	@${RM} ${DEPS}
	@echo "objs deleted"

objs/exec/builtins/export.o: ./srcs/exec/builtins/export.c srcs/exec/builtins/export.c includes/exec.h includes/extern_libs.h libft/includes/libft.h libft/includes/ft_printf.h includes/structs.h includes/builtins.h includes/error.h includes/minishell.h includes/parsing.h includes/redir.h includes/signals.h includes/clearexit.h
#  Implicit rule search has been done.
#  Implicit/static pattern stem: 'exec/builtins/export'
#  Last modified 2022-07-29 03:25:40.09739543
#  File has been updated.
#  Successfully updated.
#  recipe to execute (from 'Makefile', line 92):
	@mkdir -p ${dir $@}
	@echo create: ${@:%=%}
	@${COMP} -MMD ${INCLUDES} -c $< -o $@

# Not a target:
objs/exec/builtins/env.d:
#  Implicit rule search has been done.
#  Last modified 2022-07-29 03:25:39.904396043
#  File has been updated.
#  Successfully updated.

# Not a target:
./srcs/exec/launch_pipeline.c:
#  Implicit rule search has been done.
#  Last modified 2022-07-29 00:16:02.832080874
#  File has been updated.
#  Successfully updated.

# Not a target:
./srcs/signals.c:
#  Implicit rule search has been done.
#  Last modified 2022-07-28 21:12:19.928386894
#  File has been updated.
#  Successfully updated.

# Not a target:
objs/exec/builtins/exit.d:
#  Implicit rule search has been done.
#  Last modified 2022-07-29 03:25:39.999395741
#  File has been updated.
#  Successfully updated.

objs/parsing/utils_comparison2.o: ./srcs/parsing/utils_comparison2.c srcs/parsing/utils_comparison2.c includes/exec.h includes/extern_libs.h libft/includes/libft.h libft/includes/ft_printf.h includes/structs.h includes/builtins.h includes/error.h includes/minishell.h includes/parsing.h includes/redir.h includes/signals.h includes/clearexit.h
#  Implicit rule search has been done.
#  Implicit/static pattern stem: 'parsing/utils_comparison2'
#  Last modified 2022-07-29 03:25:06.03850361
#  File has been updated.
#  Successfully updated.
#  recipe to execute (from 'Makefile', line 92):
	@mkdir -p ${dir $@}
	@echo create: ${@:%=%}
	@${COMP} -MMD ${INCLUDES} -c $< -o $@

# files hash-table stats:
# Load=187/1024=18%, Rehash=0, Collisions=159/1230=13%
# VPATH Search Paths

# No 'vpath' search paths.

# General ('VPATH' variable) search path:
# ./srcs:./includes:./objs

# strcache buffers: 1 (0) / strings = 305 / storage = 6067 B / avg = 19 B
# current buf: size = 8162 B / used = 6067 B / count = 305 / avg = 19 B

# strcache performance: lookups = 1012 / hit rate = 69%
# hash-table stats:
# Load=305/8192=4%, Rehash=0, Collisions=12/1012=1%
# Finished Make data base on Fri Jul 29 04:50:32 2022

 
